<?xml version="1.0" encoding="UTF-8"?>
<!-- Generated by org.testng.reporters.JUnitReportReporter -->
<testsuite skipped="0" hostname="yarlagadda" name="Academy.e2ea1" tests="2" failures="0" timestamp="18 Feb 2019 17:04:30 GMT" time="24.837" errors="0">
  <testcase name="callingfromreqmethods" time="16.418" classname="Academy.e2ea1"/>
  <testcase name="callingfromreqmethods" time="8.419" classname="Academy.e2ea1"/>
</testsuite> <!-- Academy.e2ea1 -->
