<?xml version="1.0" encoding="UTF-8"?>
<!-- Generated by org.testng.reporters.JUnitReportReporter -->
<testsuite skipped="0" hostname="yarlagadda" name="Academy.assertions" tests="1" failures="0" timestamp="18 Feb 2019 16:33:36 GMT" time="0.353" errors="0">
  <testcase name="assertiontst" time="0.353" classname="Academy.assertions"/>
</testsuite> <!-- Academy.assertions -->
